{"C:\\Users\\hi\\OneDrive\\Documents\\kunal's project\\NF3\\sys new\\task-manager-backend\\server.js": {"path":"C:\\Users\\hi\\OneDrive\\Documents\\kunal's project\\NF3\\sys new\\task-manager-backend\\server.js","statementMap":{"0":{"start":{"line":1,"column":16},"end":{"line":1,"column":34}},"1":{"start":{"line":2,"column":19},"end":{"line":2,"column":49}},"2":{"start":{"line":3,"column":19},"end":{"line":3,"column":49}},"3":{"start":{"line":4,"column":23},"end":{"line":4,"column":61}},"4":{"start":{"line":6,"column":12},"end":{"line":6,"column":21}},"5":{"start":{"line":7,"column":0},"end":{"line":7,"column":24}},"6":{"start":{"line":10,"column":0},"end":{"line":10,"column":33}},"7":{"start":{"line":11,"column":0},"end":{"line":11,"column":50}},"8":{"start":{"line":13,"column":13},"end":{"line":13,"column":37}},"9":{"start":{"line":14,"column":0},"end":{"line":14,"column":70}},"10":{"start":{"line":14,"column":23},"end":{"line":14,"column":68}},"11":{"start":{"line":16,"column":0},"end":{"line":16,"column":21}}},"fnMap":{"0":{"name":"(anonymous_0)","decl":{"start":{"line":14,"column":17},"end":{"line":14,"column":18}},"loc":{"start":{"line":14,"column":23},"end":{"line":14,"column":68}},"line":14}},"branchMap":{"0":{"loc":{"start":{"line":13,"column":13},"end":{"line":13,"column":37}},"type":"binary-expr","locations":[{"start":{"line":13,"column":13},"end":{"line":13,"column":29}},{"start":{"line":13,"column":33},"end":{"line":13,"column":37}}],"line":13}},"s":{"0":2,"1":2,"2":2,"3":2,"4":2,"5":2,"6":2,"7":2,"8":2,"9":2,"10":1,"11":2},"f":{"0":1},"b":{"0":[2,2]},"_coverageSchema":"1a1c01bbd47fc00a2c39e90264f33305004495a9","hash":"36ae3512df3d5922107f55a40f8048388b9b6264"}
,"C:\\Users\\hi\\OneDrive\\Documents\\kunal's project\\NF3\\sys new\\task-manager-backend\\controllers\\authController.js": {"path":"C:\\Users\\hi\\OneDrive\\Documents\\kunal's project\\NF3\\sys new\\task-manager-backend\\controllers\\authController.js","statementMap":{"0":{"start":{"line":1,"column":15},"end":{"line":1,"column":34}},"1":{"start":{"line":2,"column":12},"end":{"line":2,"column":35}},"2":{"start":{"line":3,"column":13},"end":{"line":3,"column":43}},"3":{"start":{"line":5,"column":19},"end":{"line":5,"column":36}},"4":{"start":{"line":7,"column":0},"end":{"line":20,"column":2}},"5":{"start":{"line":8,"column":40},"end":{"line":8,"column":48}},"6":{"start":{"line":9,"column":2},"end":{"line":9,"column":104}},"7":{"start":{"line":9,"column":40},"end":{"line":9,"column":104}},"8":{"start":{"line":11,"column":2},"end":{"line":19,"column":5}},"9":{"start":{"line":12,"column":4},"end":{"line":12,"column":79}},"10":{"start":{"line":12,"column":14},"end":{"line":12,"column":79}},"11":{"start":{"line":14,"column":27},"end":{"line":14,"column":56}},"12":{"start":{"line":15,"column":4},"end":{"line":18,"column":7}},"13":{"start":{"line":16,"column":6},"end":{"line":16,"column":79}},"14":{"start":{"line":16,"column":15},"end":{"line":16,"column":79}},"15":{"start":{"line":17,"column":6},"end":{"line":17,"column":72}},"16":{"start":{"line":22,"column":0},"end":{"line":33,"column":2}},"17":{"start":{"line":23,"column":30},"end":{"line":23,"column":38}},"18":{"start":{"line":24,"column":2},"end":{"line":32,"column":5}},"19":{"start":{"line":25,"column":4},"end":{"line":25,"column":79}},"20":{"start":{"line":25,"column":15},"end":{"line":25,"column":79}},"21":{"start":{"line":27,"column":20},"end":{"line":27,"column":63}},"22":{"start":{"line":28,"column":4},"end":{"line":28,"column":82}},"23":{"start":{"line":28,"column":18},"end":{"line":28,"column":82}},"24":{"start":{"line":30,"column":18},"end":{"line":30,"column":76}},"25":{"start":{"line":31,"column":4},"end":{"line":31,"column":24}}},"fnMap":{"0":{"name":"(anonymous_0)","decl":{"start":{"line":7,"column":19},"end":{"line":7,"column":20}},"loc":{"start":{"line":7,"column":33},"end":{"line":20,"column":1}},"line":7},"1":{"name":"(anonymous_1)","decl":{"start":{"line":11,"column":29},"end":{"line":11,"column":30}},"loc":{"start":{"line":11,"column":44},"end":{"line":19,"column":3}},"line":11},"2":{"name":"(anonymous_2)","decl":{"start":{"line":15,"column":53},"end":{"line":15,"column":54}},"loc":{"start":{"line":15,"column":66},"end":{"line":18,"column":5}},"line":15},"3":{"name":"(anonymous_3)","decl":{"start":{"line":22,"column":16},"end":{"line":22,"column":17}},"loc":{"start":{"line":22,"column":30},"end":{"line":33,"column":1}},"line":22},"4":{"name":"(anonymous_4)","decl":{"start":{"line":24,"column":29},"end":{"line":24,"column":30}},"loc":{"start":{"line":24,"column":44},"end":{"line":32,"column":3}},"line":24}},"branchMap":{"0":{"loc":{"start":{"line":9,"column":2},"end":{"line":9,"column":104}},"type":"if","locations":[{"start":{"line":9,"column":2},"end":{"line":9,"column":104}},{"start":{},"end":{}}],"line":9},"1":{"loc":{"start":{"line":9,"column":6},"end":{"line":9,"column":38}},"type":"binary-expr","locations":[{"start":{"line":9,"column":6},"end":{"line":9,"column":15}},{"start":{"line":9,"column":19},"end":{"line":9,"column":25}},{"start":{"line":9,"column":29},"end":{"line":9,"column":38}}],"line":9},"2":{"loc":{"start":{"line":12,"column":4},"end":{"line":12,"column":79}},"type":"if","locations":[{"start":{"line":12,"column":4},"end":{"line":12,"column":79}},{"start":{},"end":{}}],"line":12},"3":{"loc":{"start":{"line":16,"column":6},"end":{"line":16,"column":79}},"type":"if","locations":[{"start":{"line":16,"column":6},"end":{"line":16,"column":79}},{"start":{},"end":{}}],"line":16},"4":{"loc":{"start":{"line":25,"column":4},"end":{"line":25,"column":79}},"type":"if","locations":[{"start":{"line":25,"column":4},"end":{"line":25,"column":79}},{"start":{},"end":{}}],"line":25},"5":{"loc":{"start":{"line":28,"column":4},"end":{"line":28,"column":82}},"type":"if","locations":[{"start":{"line":28,"column":4},"end":{"line":28,"column":82}},{"start":{},"end":{}}],"line":28}},"s":{"0":2,"1":2,"2":2,"3":2,"4":2,"5":2,"6":2,"7":0,"8":2,"9":2,"10":0,"11":2,"12":2,"13":2,"14":0,"15":2,"16":2,"17":2,"18":2,"19":2,"20":0,"21":2,"22":2,"23":0,"24":2,"25":2},"f":{"0":2,"1":2,"2":2,"3":2,"4":2},"b":{"0":[0,2],"1":[2,2,2],"2":[0,2],"3":[0,2],"4":[0,2],"5":[0,2]},"_coverageSchema":"1a1c01bbd47fc00a2c39e90264f33305004495a9","hash":"3f45792d414f9b82cb59ccabd6b9a79bdafb148b"}
,"C:\\Users\\hi\\OneDrive\\Documents\\kunal's project\\NF3\\sys new\\task-manager-backend\\controllers\\taskController.js": {"path":"C:\\Users\\hi\\OneDrive\\Documents\\kunal's project\\NF3\\sys new\\task-manager-backend\\controllers\\taskController.js","statementMap":{"0":{"start":{"line":1,"column":13},"end":{"line":1,"column":43}},"1":{"start":{"line":3,"column":0},"end":{"line":9,"column":2}},"2":{"start":{"line":4,"column":33},"end":{"line":4,"column":41}},"3":{"start":{"line":5,"column":2},"end":{"line":8,"column":5}},"4":{"start":{"line":6,"column":4},"end":{"line":6,"column":79}},"5":{"start":{"line":6,"column":13},"end":{"line":6,"column":79}},"6":{"start":{"line":7,"column":4},"end":{"line":7,"column":58}},"7":{"start":{"line":11,"column":0},"end":{"line":16,"column":2}},"8":{"start":{"line":12,"column":2},"end":{"line":15,"column":5}},"9":{"start":{"line":13,"column":4},"end":{"line":13,"column":79}},"10":{"start":{"line":13,"column":13},"end":{"line":13,"column":79}},"11":{"start":{"line":14,"column":4},"end":{"line":14,"column":20}},"12":{"start":{"line":18,"column":0},"end":{"line":24,"column":2}},"13":{"start":{"line":19,"column":33},"end":{"line":19,"column":41}},"14":{"start":{"line":20,"column":2},"end":{"line":23,"column":5}},"15":{"start":{"line":21,"column":4},"end":{"line":21,"column":88}},"16":{"start":{"line":21,"column":30},"end":{"line":21,"column":88}},"17":{"start":{"line":22,"column":4},"end":{"line":22,"column":42}},"18":{"start":{"line":26,"column":0},"end":{"line":31,"column":2}},"19":{"start":{"line":27,"column":2},"end":{"line":30,"column":5}},"20":{"start":{"line":28,"column":4},"end":{"line":28,"column":88}},"21":{"start":{"line":28,"column":30},"end":{"line":28,"column":88}},"22":{"start":{"line":29,"column":4},"end":{"line":29,"column":51}},"23":{"start":{"line":33,"column":0},"end":{"line":38,"column":2}},"24":{"start":{"line":34,"column":2},"end":{"line":37,"column":5}},"25":{"start":{"line":35,"column":4},"end":{"line":35,"column":88}},"26":{"start":{"line":35,"column":30},"end":{"line":35,"column":88}},"27":{"start":{"line":36,"column":4},"end":{"line":36,"column":42}}},"fnMap":{"0":{"name":"(anonymous_0)","decl":{"start":{"line":3,"column":21},"end":{"line":3,"column":22}},"loc":{"start":{"line":3,"column":35},"end":{"line":9,"column":1}},"line":3},"1":{"name":"(anonymous_1)","decl":{"start":{"line":5,"column":51},"end":{"line":5,"column":52}},"loc":{"start":{"line":5,"column":64},"end":{"line":8,"column":3}},"line":5},"2":{"name":"(anonymous_2)","decl":{"start":{"line":11,"column":19},"end":{"line":11,"column":20}},"loc":{"start":{"line":11,"column":33},"end":{"line":16,"column":1}},"line":11},"3":{"name":"(anonymous_3)","decl":{"start":{"line":12,"column":35},"end":{"line":12,"column":36}},"loc":{"start":{"line":12,"column":51},"end":{"line":15,"column":3}},"line":12},"4":{"name":"(anonymous_4)","decl":{"start":{"line":18,"column":21},"end":{"line":18,"column":22}},"loc":{"start":{"line":18,"column":35},"end":{"line":24,"column":1}},"line":18},"5":{"name":"(anonymous_5)","decl":{"start":{"line":20,"column":53},"end":{"line":20,"column":54}},"loc":{"start":{"line":20,"column":71},"end":{"line":23,"column":3}},"line":20},"6":{"name":"(anonymous_6)","decl":{"start":{"line":26,"column":24},"end":{"line":26,"column":25}},"loc":{"start":{"line":26,"column":38},"end":{"line":31,"column":1}},"line":26},"7":{"name":"(anonymous_7)","decl":{"start":{"line":27,"column":40},"end":{"line":27,"column":41}},"loc":{"start":{"line":27,"column":58},"end":{"line":30,"column":3}},"line":27},"8":{"name":"(anonymous_8)","decl":{"start":{"line":33,"column":21},"end":{"line":33,"column":22}},"loc":{"start":{"line":33,"column":35},"end":{"line":38,"column":1}},"line":33},"9":{"name":"(anonymous_9)","decl":{"start":{"line":34,"column":33},"end":{"line":34,"column":34}},"loc":{"start":{"line":34,"column":51},"end":{"line":37,"column":3}},"line":34}},"branchMap":{"0":{"loc":{"start":{"line":6,"column":4},"end":{"line":6,"column":79}},"type":"if","locations":[{"start":{"line":6,"column":4},"end":{"line":6,"column":79}},{"start":{},"end":{}}],"line":6},"1":{"loc":{"start":{"line":13,"column":4},"end":{"line":13,"column":79}},"type":"if","locations":[{"start":{"line":13,"column":4},"end":{"line":13,"column":79}},{"start":{},"end":{}}],"line":13},"2":{"loc":{"start":{"line":21,"column":4},"end":{"line":21,"column":88}},"type":"if","locations":[{"start":{"line":21,"column":4},"end":{"line":21,"column":88}},{"start":{},"end":{}}],"line":21},"3":{"loc":{"start":{"line":21,"column":8},"end":{"line":21,"column":28}},"type":"binary-expr","locations":[{"start":{"line":21,"column":8},"end":{"line":21,"column":11}},{"start":{"line":21,"column":15},"end":{"line":21,"column":28}}],"line":21},"4":{"loc":{"start":{"line":28,"column":4},"end":{"line":28,"column":88}},"type":"if","locations":[{"start":{"line":28,"column":4},"end":{"line":28,"column":88}},{"start":{},"end":{}}],"line":28},"5":{"loc":{"start":{"line":28,"column":8},"end":{"line":28,"column":28}},"type":"binary-expr","locations":[{"start":{"line":28,"column":8},"end":{"line":28,"column":11}},{"start":{"line":28,"column":15},"end":{"line":28,"column":28}}],"line":28},"6":{"loc":{"start":{"line":35,"column":4},"end":{"line":35,"column":88}},"type":"if","locations":[{"start":{"line":35,"column":4},"end":{"line":35,"column":88}},{"start":{},"end":{}}],"line":35},"7":{"loc":{"start":{"line":35,"column":8},"end":{"line":35,"column":28}},"type":"binary-expr","locations":[{"start":{"line":35,"column":8},"end":{"line":35,"column":11}},{"start":{"line":35,"column":15},"end":{"line":35,"column":28}}],"line":35}},"s":{"0":2,"1":2,"2":1,"3":1,"4":1,"5":0,"6":1,"7":2,"8":1,"9":1,"10":0,"11":1,"12":2,"13":1,"14":1,"15":1,"16":0,"17":1,"18":2,"19":1,"20":1,"21":0,"22":1,"23":2,"24":1,"25":1,"26":0,"27":1},"f":{"0":1,"1":1,"2":1,"3":1,"4":1,"5":1,"6":1,"7":1,"8":1,"9":1},"b":{"0":[0,1],"1":[0,1],"2":[0,1],"3":[1,1],"4":[0,1],"5":[1,1],"6":[0,1],"7":[1,1]},"_coverageSchema":"1a1c01bbd47fc00a2c39e90264f33305004495a9","hash":"4aa895e7fce2c3a8a4ed810ba36ef16bc8329852"}
,"C:\\Users\\hi\\OneDrive\\Documents\\kunal's project\\NF3\\sys new\\task-manager-backend\\middleware\\authMiddleware.js": {"path":"C:\\Users\\hi\\OneDrive\\Documents\\kunal's project\\NF3\\sys new\\task-manager-backend\\middleware\\authMiddleware.js","statementMap":{"0":{"start":{"line":1,"column":12},"end":{"line":1,"column":35}},"1":{"start":{"line":2,"column":19},"end":{"line":2,"column":36}},"2":{"start":{"line":4,"column":0},"end":{"line":13,"column":2}},"3":{"start":{"line":5,"column":16},"end":{"line":5,"column":44}},"4":{"start":{"line":6,"column":2},"end":{"line":6,"column":76}},"5":{"start":{"line":6,"column":14},"end":{"line":6,"column":76}},"6":{"start":{"line":8,"column":2},"end":{"line":12,"column":5}},"7":{"start":{"line":9,"column":4},"end":{"line":9,"column":71}},"8":{"start":{"line":9,"column":13},"end":{"line":9,"column":71}},"9":{"start":{"line":10,"column":4},"end":{"line":10,"column":34}},"10":{"start":{"line":11,"column":4},"end":{"line":11,"column":11}}},"fnMap":{"0":{"name":"(anonymous_0)","decl":{"start":{"line":4,"column":17},"end":{"line":4,"column":18}},"loc":{"start":{"line":4,"column":37},"end":{"line":13,"column":1}},"line":4},"1":{"name":"(anonymous_1)","decl":{"start":{"line":8,"column":32},"end":{"line":8,"column":33}},"loc":{"start":{"line":8,"column":50},"end":{"line":12,"column":3}},"line":8}},"branchMap":{"0":{"loc":{"start":{"line":6,"column":2},"end":{"line":6,"column":76}},"type":"if","locations":[{"start":{"line":6,"column":2},"end":{"line":6,"column":76}},{"start":{},"end":{}}],"line":6},"1":{"loc":{"start":{"line":9,"column":4},"end":{"line":9,"column":71}},"type":"if","locations":[{"start":{"line":9,"column":4},"end":{"line":9,"column":71}},{"start":{},"end":{}}],"line":9}},"s":{"0":2,"1":2,"2":2,"3":5,"4":5,"5":0,"6":5,"7":5,"8":0,"9":5,"10":5},"f":{"0":5,"1":5},"b":{"0":[0,5],"1":[0,5]},"_coverageSchema":"1a1c01bbd47fc00a2c39e90264f33305004495a9","hash":"5012b6d98d557393b119a29ffb0c4f6e61405b8e"}
,"C:\\Users\\hi\\OneDrive\\Documents\\kunal's project\\NF3\\sys new\\task-manager-backend\\models\\taskModel.js": {"path":"C:\\Users\\hi\\OneDrive\\Documents\\kunal's project\\NF3\\sys new\\task-manager-backend\\models\\taskModel.js","statementMap":{"0":{"start":{"line":1,"column":16},"end":{"line":1,"column":44}},"1":{"start":{"line":2,"column":11},"end":{"line":2,"column":52}},"2":{"start":{"line":5,"column":0},"end":{"line":17,"column":3}},"3":{"start":{"line":6,"column":2},"end":{"line":16,"column":5}},"4":{"start":{"line":19,"column":0},"end":{"line":61,"column":2}},"5":{"start":{"line":21,"column":18},"end":{"line":21,"column":83}},"6":{"start":{"line":22,"column":4},"end":{"line":24,"column":7}},"7":{"start":{"line":23,"column":6},"end":{"line":23,"column":33}},"8":{"start":{"line":28,"column":18},"end":{"line":28,"column":56}},"9":{"start":{"line":29,"column":4},"end":{"line":31,"column":7}},"10":{"start":{"line":30,"column":6},"end":{"line":30,"column":26}},"11":{"start":{"line":35,"column":18},"end":{"line":35,"column":52}},"12":{"start":{"line":36,"column":4},"end":{"line":38,"column":7}},"13":{"start":{"line":37,"column":6},"end":{"line":37,"column":25}},"14":{"start":{"line":42,"column":18},"end":{"line":42,"column":76}},"15":{"start":{"line":43,"column":4},"end":{"line":45,"column":7}},"16":{"start":{"line":44,"column":6},"end":{"line":44,"column":34}},"17":{"start":{"line":49,"column":18},"end":{"line":49,"column":63}},"18":{"start":{"line":50,"column":4},"end":{"line":52,"column":7}},"19":{"start":{"line":51,"column":6},"end":{"line":51,"column":34}},"20":{"start":{"line":56,"column":18},"end":{"line":56,"column":50}},"21":{"start":{"line":57,"column":4},"end":{"line":59,"column":7}},"22":{"start":{"line":58,"column":6},"end":{"line":58,"column":34}}},"fnMap":{"0":{"name":"(anonymous_0)","decl":{"start":{"line":5,"column":13},"end":{"line":5,"column":14}},"loc":{"start":{"line":5,"column":19},"end":{"line":17,"column":1}},"line":5},"1":{"name":"(anonymous_1)","decl":{"start":{"line":20,"column":14},"end":{"line":20,"column":15}},"loc":{"start":{"line":20,"column":56},"end":{"line":25,"column":3}},"line":20},"2":{"name":"(anonymous_2)","decl":{"start":{"line":22,"column":48},"end":{"line":22,"column":49}},"loc":{"start":{"line":22,"column":63},"end":{"line":24,"column":5}},"line":22},"3":{"name":"(anonymous_3)","decl":{"start":{"line":27,"column":18},"end":{"line":27,"column":19}},"loc":{"start":{"line":27,"column":40},"end":{"line":32,"column":3}},"line":27},"4":{"name":"(anonymous_4)","decl":{"start":{"line":29,"column":28},"end":{"line":29,"column":29}},"loc":{"start":{"line":29,"column":43},"end":{"line":31,"column":5}},"line":29},"5":{"name":"(anonymous_5)","decl":{"start":{"line":34,"column":15},"end":{"line":34,"column":16}},"loc":{"start":{"line":34,"column":33},"end":{"line":39,"column":3}},"line":34},"6":{"name":"(anonymous_6)","decl":{"start":{"line":36,"column":24},"end":{"line":36,"column":25}},"loc":{"start":{"line":36,"column":38},"end":{"line":38,"column":5}},"line":36},"7":{"name":"(anonymous_7)","decl":{"start":{"line":41,"column":14},"end":{"line":41,"column":15}},"loc":{"start":{"line":41,"column":52},"end":{"line":46,"column":3}},"line":41},"8":{"name":"(anonymous_8)","decl":{"start":{"line":43,"column":44},"end":{"line":43,"column":45}},"loc":{"start":{"line":43,"column":59},"end":{"line":45,"column":5}},"line":43},"9":{"name":"(anonymous_9)","decl":{"start":{"line":48,"column":21},"end":{"line":48,"column":22}},"loc":{"start":{"line":48,"column":39},"end":{"line":53,"column":3}},"line":48},"10":{"name":"(anonymous_10)","decl":{"start":{"line":50,"column":24},"end":{"line":50,"column":25}},"loc":{"start":{"line":50,"column":39},"end":{"line":52,"column":5}},"line":50},"11":{"name":"(anonymous_11)","decl":{"start":{"line":55,"column":14},"end":{"line":55,"column":15}},"loc":{"start":{"line":55,"column":32},"end":{"line":60,"column":3}},"line":55},"12":{"name":"(anonymous_12)","decl":{"start":{"line":57,"column":24},"end":{"line":57,"column":25}},"loc":{"start":{"line":57,"column":39},"end":{"line":59,"column":5}},"line":57}},"branchMap":{},"s":{"0":2,"1":2,"2":2,"3":2,"4":2,"5":1,"6":1,"7":1,"8":1,"9":1,"10":1,"11":0,"12":0,"13":0,"14":1,"15":1,"16":1,"17":1,"18":1,"19":1,"20":1,"21":1,"22":1},"f":{"0":2,"1":1,"2":1,"3":1,"4":1,"5":0,"6":0,"7":1,"8":1,"9":1,"10":1,"11":1,"12":1},"b":{},"_coverageSchema":"1a1c01bbd47fc00a2c39e90264f33305004495a9","hash":"cd44a31f531bb9c84828ab16ff9d131d1fa528be"}
,"C:\\Users\\hi\\OneDrive\\Documents\\kunal's project\\NF3\\sys new\\task-manager-backend\\models\\userModel.js": {"path":"C:\\Users\\hi\\OneDrive\\Documents\\kunal's project\\NF3\\sys new\\task-manager-backend\\models\\userModel.js","statementMap":{"0":{"start":{"line":1,"column":16},"end":{"line":1,"column":44}},"1":{"start":{"line":2,"column":11},"end":{"line":2,"column":52}},"2":{"start":{"line":5,"column":0},"end":{"line":15,"column":3}},"3":{"start":{"line":6,"column":2},"end":{"line":14,"column":5}},"4":{"start":{"line":17,"column":0},"end":{"line":38,"column":2}},"5":{"start":{"line":19,"column":18},"end":{"line":19,"column":82}},"6":{"start":{"line":20,"column":4},"end":{"line":22,"column":7}},"7":{"start":{"line":21,"column":6},"end":{"line":21,"column":33}},"8":{"start":{"line":26,"column":18},"end":{"line":26,"column":55}},"9":{"start":{"line":27,"column":4},"end":{"line":29,"column":7}},"10":{"start":{"line":28,"column":6},"end":{"line":28,"column":25}},"11":{"start":{"line":33,"column":18},"end":{"line":33,"column":52}},"12":{"start":{"line":34,"column":4},"end":{"line":36,"column":7}},"13":{"start":{"line":35,"column":6},"end":{"line":35,"column":25}}},"fnMap":{"0":{"name":"(anonymous_0)","decl":{"start":{"line":5,"column":13},"end":{"line":5,"column":14}},"loc":{"start":{"line":5,"column":19},"end":{"line":15,"column":1}},"line":5},"1":{"name":"(anonymous_1)","decl":{"start":{"line":18,"column":14},"end":{"line":18,"column":15}},"loc":{"start":{"line":18,"column":55},"end":{"line":23,"column":3}},"line":18},"2":{"name":"(anonymous_2)","decl":{"start":{"line":20,"column":47},"end":{"line":20,"column":48}},"loc":{"start":{"line":20,"column":62},"end":{"line":22,"column":5}},"line":20},"3":{"name":"(anonymous_3)","decl":{"start":{"line":25,"column":18},"end":{"line":25,"column":19}},"loc":{"start":{"line":25,"column":39},"end":{"line":30,"column":3}},"line":25},"4":{"name":"(anonymous_4)","decl":{"start":{"line":27,"column":27},"end":{"line":27,"column":28}},"loc":{"start":{"line":27,"column":41},"end":{"line":29,"column":5}},"line":27},"5":{"name":"(anonymous_5)","decl":{"start":{"line":32,"column":15},"end":{"line":32,"column":16}},"loc":{"start":{"line":32,"column":33},"end":{"line":37,"column":3}},"line":32},"6":{"name":"(anonymous_6)","decl":{"start":{"line":34,"column":24},"end":{"line":34,"column":25}},"loc":{"start":{"line":34,"column":38},"end":{"line":36,"column":5}},"line":34}},"branchMap":{},"s":{"0":2,"1":2,"2":2,"3":2,"4":2,"5":2,"6":2,"7":2,"8":4,"9":4,"10":4,"11":0,"12":0,"13":0},"f":{"0":2,"1":2,"2":2,"3":4,"4":4,"5":0,"6":0},"b":{},"_coverageSchema":"1a1c01bbd47fc00a2c39e90264f33305004495a9","hash":"6877d08dc0d5df11a9f3e9b2bb05f31a70623d64"}
,"C:\\Users\\hi\\OneDrive\\Documents\\kunal's project\\NF3\\sys new\\task-manager-backend\\routes\\authRoutes.js": {"path":"C:\\Users\\hi\\OneDrive\\Documents\\kunal's project\\NF3\\sys new\\task-manager-backend\\routes\\authRoutes.js","statementMap":{"0":{"start":{"line":1,"column":16},"end":{"line":1,"column":34}},"1":{"start":{"line":2,"column":15},"end":{"line":2,"column":31}},"2":{"start":{"line":3,"column":28},"end":{"line":3,"column":68}},"3":{"start":{"line":5,"column":0},"end":{"line":5,"column":35}},"4":{"start":{"line":6,"column":0},"end":{"line":6,"column":29}},"5":{"start":{"line":8,"column":0},"end":{"line":8,"column":24}}},"fnMap":{},"branchMap":{},"s":{"0":2,"1":2,"2":2,"3":2,"4":2,"5":2},"f":{},"b":{},"_coverageSchema":"1a1c01bbd47fc00a2c39e90264f33305004495a9","hash":"44471682a14dd3ce8b2334c5850d2aa85909017b"}
,"C:\\Users\\hi\\OneDrive\\Documents\\kunal's project\\NF3\\sys new\\task-manager-backend\\routes\\taskRoutes.js": {"path":"C:\\Users\\hi\\OneDrive\\Documents\\kunal's project\\NF3\\sys new\\task-manager-backend\\routes\\taskRoutes.js","statementMap":{"0":{"start":{"line":1,"column":16},"end":{"line":1,"column":34}},"1":{"start":{"line":2,"column":15},"end":{"line":2,"column":31}},"2":{"start":{"line":3,"column":23},"end":{"line":3,"column":63}},"3":{"start":{"line":5,"column":0},"end":{"line":5,"column":44}},"4":{"start":{"line":6,"column":0},"end":{"line":6,"column":41}},"5":{"start":{"line":7,"column":0},"end":{"line":7,"column":46}},"6":{"start":{"line":8,"column":0},"end":{"line":8,"column":60}},"7":{"start":{"line":9,"column":0},"end":{"line":9,"column":49}},"8":{"start":{"line":11,"column":0},"end":{"line":11,"column":24}}},"fnMap":{},"branchMap":{},"s":{"0":2,"1":2,"2":2,"3":2,"4":2,"5":2,"6":2,"7":2,"8":2},"f":{},"b":{},"_coverageSchema":"1a1c01bbd47fc00a2c39e90264f33305004495a9","hash":"e97467f9cb82c5c7493009dbf95ec974fce6ade7"}
}
